2020-01-05 22:37:36.663 INFO  [main] o.s.c.a.AnnotationConfigApplicationContext: - Refreshing org.springframework.context.annotation.AnnotationConfigApplicationContext@2438dcd: startup date [Sun Jan 05 22:37:36 CST 2020]; root of context hierarchy
2020-01-05 22:37:36.843 INFO  [main] o.s.b.f.a.AutowiredAnnotationBeanPostProcessor: - JSR-330 'javax.inject.Inject' annotation found and supported for autowiring
2020-01-05 22:37:36.899 INFO  [main] o.s.c.s.PostProcessorRegistrationDelegate$BeanPostProcessorChecker: - Bean 'configurationPropertiesRebinderAutoConfiguration' of type [org.springframework.cloud.autoconfigure.ConfigurationPropertiesRebinderAutoConfiguration$$EnhancerBySpringCGLIB$$81b45bac] is not eligible for getting processed by all BeanPostProcessors (for example: not eligible for auto-proxying)
2020-01-05 22:37:38.420 INFO  [main] com.epxing.demo.DemoApplication: - The following profiles are active: dev
2020-01-05 22:37:38.433 INFO  [main] o.s.b.w.s.c.AnnotationConfigServletWebServerApplicationContext: - Refreshing org.springframework.boot.web.servlet.context.AnnotationConfigServletWebServerApplicationContext@11981797: startup date [Sun Jan 05 22:37:38 CST 2020]; parent: org.springframework.context.annotation.AnnotationConfigApplicationContext@2438dcd
2020-01-05 22:37:39.143 WARN  [main] o.m.s.mapper.ClassPathMapperScanner: - No MyBatis mapper was found in '[com.epxing.demo]' package. Please check your configuration.
2020-01-05 22:37:39.151 WARN  [main] o.m.s.mapper.ClassPathMapperScanner: - No MyBatis mapper was found in '[com.epxing.demo]' package. Please check your configuration.
2020-01-05 22:37:39.468 INFO  [main] o.s.b.f.s.DefaultListableBeanFactory: - Overriding bean definition for bean 'dataSource' with a different definition: replacing [Root bean: class [null]; scope=refresh; abstract=false; lazyInit=false; autowireMode=3; dependencyCheck=0; autowireCandidate=false; primary=false; factoryBeanName=org.springframework.boot.autoconfigure.jdbc.DataSourceConfiguration$Hikari; factoryMethodName=dataSource; initMethodName=null; destroyMethodName=(inferred); defined in class path resource [org/springframework/boot/autoconfigure/jdbc/DataSourceConfiguration$Hikari.class]] with [Root bean: class [org.springframework.aop.scope.ScopedProxyFactoryBean]; scope=; abstract=false; lazyInit=false; autowireMode=0; dependencyCheck=0; autowireCandidate=true; primary=false; factoryBeanName=null; factoryMethodName=null; initMethodName=null; destroyMethodName=null; defined in BeanDefinition defined in class path resource [org/springframework/boot/autoconfigure/jdbc/DataSourceConfiguration$Hikari.class]]
2020-01-05 22:37:39.633 INFO  [main] o.s.cloud.context.scope.GenericScope: - BeanFactory id=b182ae5d-6ae5-341b-937a-139799b3b620
2020-01-05 22:37:39.650 INFO  [main] o.s.b.f.a.AutowiredAnnotationBeanPostProcessor: - JSR-330 'javax.inject.Inject' annotation found and supported for autowiring
2020-01-05 22:37:39.776 INFO  [main] o.s.c.s.PostProcessorRegistrationDelegate$BeanPostProcessorChecker: - Bean 'org.springframework.transaction.annotation.ProxyTransactionManagementConfiguration' of type [org.springframework.transaction.annotation.ProxyTransactionManagementConfiguration$$EnhancerBySpringCGLIB$$659a58af] is not eligible for getting processed by all BeanPostProcessors (for example: not eligible for auto-proxying)
2020-01-05 22:37:39.893 INFO  [main] o.s.c.s.PostProcessorRegistrationDelegate$BeanPostProcessorChecker: - Bean 'org.springframework.cloud.autoconfigure.ConfigurationPropertiesRebinderAutoConfiguration' of type [org.springframework.cloud.autoconfigure.ConfigurationPropertiesRebinderAutoConfiguration$$EnhancerBySpringCGLIB$$81b45bac] is not eligible for getting processed by all BeanPostProcessors (for example: not eligible for auto-proxying)
2020-01-05 22:37:40.394 INFO  [main] o.s.b.w.e.tomcat.TomcatWebServer: - Tomcat initialized with port(s): 8888 (http)
2020-01-05 22:37:40.415 INFO  [main] o.a.catalina.core.StandardService: - Starting service [Tomcat]
2020-01-05 22:37:40.416 INFO  [main] o.a.catalina.core.StandardEngine: - Starting Servlet Engine: Apache Tomcat/8.5.34
2020-01-05 22:37:40.420 INFO  [ost-startStop-1] o.a.c.core.AprLifecycleListener: - The APR based Apache Tomcat Native library which allows optimal performance in production environments was not found on the java.library.path: [D:\java\java8\jdk\bin;C:\WINDOWS\Sun\Java\bin;C:\WINDOWS\system32;C:\WINDOWS;D:\java\java8\jdk\bin;D:\java\java8\jdk\jre\bin;C:\Program Files (x86)\Common Files\Oracle\Java\javapath;C:\Windows\system32;C:\Windows;C:\Windows\System32\Wbem;C:\Windows\System32\WindowsPowerShell\v1.0\;C:\Program Files (x86)\NVIDIA Corporation\PhysX\Common;C:\Program Files\Intel\WiFi\bin\;C:\Program Files\Common Files\Intel\WirelessCommon\;C:\WINDOWS\system32;C:\WINDOWS;C:\WINDOWS\System32\Wbem;C:\WINDOWS\System32\WindowsPowerShell\v1.0\;C:\WINDOWS\System32\OpenSSH\;D:\maven\apache-maven-3.6.1\bin;D:\gradle\gradle-5.6.2\bin;D:\Git\cmd;D:\nodejs\;D:\Go\bin;D:\Python\Scripts\;D:\Python\;C:\Users\chenl\AppData\Local\Microsoft\WindowsApps;C:\Users\chenl\AppData\Roaming\npm;D:\Microsoft VS Code\bin;C:\Users\chenl\go\bin;D:\goland\GoLand 2019.2.1\bin;;D:\idea\IntelliJ IDEA 2019.3.1\bin;;.]
2020-01-05 22:37:40.538 INFO  [ost-startStop-1] o.a.c.c.C.[Tomcat].[localhost].[/]: - Initializing Spring embedded WebApplicationContext
2020-01-05 22:37:40.538 INFO  [ost-startStop-1] o.s.web.context.ContextLoader: - Root WebApplicationContext: initialization completed in 2105 ms
2020-01-05 22:37:40.753 WARN  [ost-startStop-1] c.n.c.sources.URLConfigurationSource: - No URLs will be polled as dynamic configuration sources.
2020-01-05 22:37:40.753 INFO  [ost-startStop-1] c.n.c.sources.URLConfigurationSource: - To enable URLs as dynamic configuration sources, define System property archaius.configurationSource.additionalUrls or make config.properties available on classpath.
2020-01-05 22:37:40.762 INFO  [ost-startStop-1] c.n.config.DynamicPropertyFactory: - DynamicPropertyFactory is initialized with configuration sources: com.netflix.config.ConcurrentCompositeConfiguration@193c3772
2020-01-05 22:37:41.510 INFO  [ost-startStop-1] o.s.b.w.s.FilterRegistrationBean: - Mapping filter: 'characterEncodingFilter' to: [/*]
2020-01-05 22:37:41.510 INFO  [ost-startStop-1] o.s.b.w.s.FilterRegistrationBean: - Mapping filter: 'webMvcMetricsFilter' to: [/*]
2020-01-05 22:37:41.511 INFO  [ost-startStop-1] o.s.b.w.s.FilterRegistrationBean: - Mapping filter: 'hiddenHttpMethodFilter' to: [/*]
2020-01-05 22:37:41.511 INFO  [ost-startStop-1] o.s.b.w.s.FilterRegistrationBean: - Mapping filter: 'httpPutFormContentFilter' to: [/*]
2020-01-05 22:37:41.511 INFO  [ost-startStop-1] o.s.b.w.s.FilterRegistrationBean: - Mapping filter: 'requestContextFilter' to: [/*]
2020-01-05 22:37:41.511 INFO  [ost-startStop-1] o.s.b.w.s.FilterRegistrationBean: - Mapping filter: 'httpTraceFilter' to: [/*]
2020-01-05 22:37:41.511 INFO  [ost-startStop-1] o.s.b.w.s.ServletRegistrationBean: - Servlet dispatcherServlet mapped to [/]
2020-01-05 22:37:41.903 INFO  [main] o.s.w.s.m.m.a.RequestMappingHandlerMapping: - Mapped "{[/swagger-resources/configuration/security]}" onto public org.springframework.http.ResponseEntity<springfox.documentation.swagger.web.SecurityConfiguration> springfox.documentation.swagger.web.ApiResourceController.securityConfiguration()
2020-01-05 22:37:41.905 INFO  [main] o.s.w.s.m.m.a.RequestMappingHandlerMapping: - Mapped "{[/swagger-resources/configuration/ui]}" onto public org.springframework.http.ResponseEntity<springfox.documentation.swagger.web.UiConfiguration> springfox.documentation.swagger.web.ApiResourceController.uiConfiguration()
2020-01-05 22:37:41.906 INFO  [main] o.s.w.s.m.m.a.RequestMappingHandlerMapping: - Mapped "{[/swagger-resources]}" onto public org.springframework.http.ResponseEntity<java.util.List<springfox.documentation.swagger.web.SwaggerResource>> springfox.documentation.swagger.web.ApiResourceController.swaggerResources()
2020-01-05 22:37:41.910 INFO  [main] o.s.w.s.m.m.a.RequestMappingHandlerMapping: - Mapped "{[/error]}" onto public org.springframework.http.ResponseEntity<java.util.Map<java.lang.String, java.lang.Object>> org.springframework.boot.autoconfigure.web.servlet.error.BasicErrorController.error(javax.servlet.http.HttpServletRequest)
2020-01-05 22:37:41.911 INFO  [main] o.s.w.s.m.m.a.RequestMappingHandlerMapping: - Mapped "{[/error],produces=[text/html]}" onto public org.springframework.web.servlet.ModelAndView org.springframework.boot.autoconfigure.web.servlet.error.BasicErrorController.errorHtml(javax.servlet.http.HttpServletRequest,javax.servlet.http.HttpServletResponse)
2020-01-05 22:37:42.011 INFO  [main] o.s.b.a.e.web.EndpointLinksResolver: - Exposing 2 endpoint(s) beneath base path '/actuator'
2020-01-05 22:37:42.025 INFO  [main] o.s.b.a.e.w.s.WebMvcEndpointHandlerMapping: - Mapped "{[/actuator/health],methods=[GET],produces=[application/vnd.spring-boot.actuator.v2+json || application/json]}" onto public java.lang.Object org.springframework.boot.actuate.endpoint.web.servlet.AbstractWebMvcEndpointHandlerMapping$OperationHandler.handle(javax.servlet.http.HttpServletRequest,java.util.Map<java.lang.String, java.lang.String>)
2020-01-05 22:37:42.026 INFO  [main] o.s.b.a.e.w.s.WebMvcEndpointHandlerMapping: - Mapped "{[/actuator/info],methods=[GET],produces=[application/vnd.spring-boot.actuator.v2+json || application/json]}" onto public java.lang.Object org.springframework.boot.actuate.endpoint.web.servlet.AbstractWebMvcEndpointHandlerMapping$OperationHandler.handle(javax.servlet.http.HttpServletRequest,java.util.Map<java.lang.String, java.lang.String>)
2020-01-05 22:37:42.027 INFO  [main] o.s.b.a.e.w.s.WebMvcEndpointHandlerMapping: - Mapped "{[/actuator],methods=[GET],produces=[application/vnd.spring-boot.actuator.v2+json || application/json]}" onto protected java.util.Map<java.lang.String, java.util.Map<java.lang.String, org.springframework.boot.actuate.endpoint.web.Link>> org.springframework.boot.actuate.endpoint.web.servlet.WebMvcEndpointHandlerMapping.links(javax.servlet.http.HttpServletRequest,javax.servlet.http.HttpServletResponse)
2020-01-05 22:37:42.247 INFO  [main] s.d.s.w.PropertySourcedRequestMappingHandlerMapping: - Mapped URL path [/v2/api-docs] onto method [public org.springframework.http.ResponseEntity<springfox.documentation.spring.web.json.Json> springfox.documentation.swagger2.web.Swagger2Controller.getDocumentation(java.lang.String,javax.servlet.http.HttpServletRequest)]
2020-01-05 22:37:42.275 WARN  [main] c.n.c.sources.URLConfigurationSource: - No URLs will be polled as dynamic configuration sources.
2020-01-05 22:37:42.276 INFO  [main] c.n.c.sources.URLConfigurationSource: - To enable URLs as dynamic configuration sources, define System property archaius.configurationSource.additionalUrls or make config.properties available on classpath.
2020-01-05 22:37:42.354 INFO  [main] o.s.w.s.h.SimpleUrlHandlerMapping: - Mapped URL path [/**/favicon.ico] onto handler of type [class org.springframework.web.servlet.resource.ResourceHttpRequestHandler]
2020-01-05 22:37:42.544 INFO  [main] o.s.w.s.m.m.a.RequestMappingHandlerAdapter: - Looking for @ControllerAdvice: org.springframework.boot.web.servlet.context.AnnotationConfigServletWebServerApplicationContext@11981797: startup date [Sun Jan 05 22:37:38 CST 2020]; parent: org.springframework.context.annotation.AnnotationConfigApplicationContext@2438dcd
2020-01-05 22:37:42.599 INFO  [main] o.s.w.s.h.SimpleUrlHandlerMapping: - Mapped URL path [/webjars/**] onto handler of type [class org.springframework.web.servlet.resource.ResourceHttpRequestHandler]
2020-01-05 22:37:42.599 INFO  [main] o.s.w.s.h.SimpleUrlHandlerMapping: - Mapped URL path [/**] onto handler of type [class org.springframework.web.servlet.resource.ResourceHttpRequestHandler]
2020-01-05 22:37:42.789 INFO  [main] com.zaxxer.hikari.HikariDataSource: - HikariPool-1 - Starting...
2020-01-05 22:37:42.907 INFO  [main] com.zaxxer.hikari.HikariDataSource: - HikariPool-1 - Start completed.
2020-01-05 22:37:44.840 INFO  [main] o.s.cloud.commons.util.InetUtils: - Cannot determine local hostname
2020-01-05 22:37:45.007 INFO  [main] o.s.j.e.a.AnnotationMBeanExporter: - Registering beans for JMX exposure on startup
2020-01-05 22:37:45.009 INFO  [main] o.s.j.e.a.AnnotationMBeanExporter: - Bean with name 'dataSource' has been autodetected for JMX exposure
2020-01-05 22:37:45.017 INFO  [main] o.s.j.e.a.AnnotationMBeanExporter: - Bean with name 'environmentManager' has been autodetected for JMX exposure
2020-01-05 22:37:45.018 INFO  [main] o.s.j.e.a.AnnotationMBeanExporter: - Bean with name 'refreshScope' has been autodetected for JMX exposure
2020-01-05 22:37:45.020 INFO  [main] o.s.j.e.a.AnnotationMBeanExporter: - Bean with name 'configurationPropertiesRebinder' has been autodetected for JMX exposure
2020-01-05 22:37:45.023 INFO  [main] o.s.j.e.a.AnnotationMBeanExporter: - Located managed bean 'environmentManager': registering with JMX server as MBean [org.springframework.cloud.context.environment:name=environmentManager,type=EnvironmentManager]
2020-01-05 22:37:45.030 INFO  [main] o.s.j.e.a.AnnotationMBeanExporter: - Located managed bean 'refreshScope': registering with JMX server as MBean [org.springframework.cloud.context.scope.refresh:name=refreshScope,type=RefreshScope]
2020-01-05 22:37:45.040 INFO  [main] o.s.j.e.a.AnnotationMBeanExporter: - Located managed bean 'configurationPropertiesRebinder': registering with JMX server as MBean [org.springframework.cloud.context.properties:name=configurationPropertiesRebinder,context=11981797,type=ConfigurationPropertiesRebinder]
2020-01-05 22:37:45.047 INFO  [main] o.s.j.e.a.AnnotationMBeanExporter: - Located MBean 'dataSource': registering with JMX server as MBean [com.zaxxer.hikari:name=dataSource,type=HikariDataSource]
2020-01-05 22:37:45.057 INFO  [main] o.s.c.s.DefaultLifecycleProcessor: - Starting beans in phase 2147483647
2020-01-05 22:37:45.057 INFO  [main] s.d.s.w.p.DocumentationPluginsBootstrapper: - Context refreshed
2020-01-05 22:37:45.073 INFO  [main] s.d.s.w.p.DocumentationPluginsBootstrapper: - Found 1 custom documentation plugin(s)
2020-01-05 22:37:45.113 INFO  [main] s.d.s.w.s.ApiListingReferenceScanner: - Scanning for api listing references
2020-01-05 22:37:45.260 INFO  [main] s.d.s.w.r.o.CachingOperationNameGenerator: - Generating unique operation named: handleUsingGET_1
2020-01-05 22:37:45.313 INFO  [main] o.s.b.w.e.tomcat.TomcatWebServer: - Tomcat started on port(s): 8888 (http) with context path ''
2020-01-05 22:37:45.317 INFO  [main] com.epxing.demo.DemoApplication: - Started DemoApplication in 11.026 seconds (JVM running for 13.186)
2020-01-05 22:37:46.092 INFO  [169.254.193.144] o.a.c.c.C.[Tomcat].[localhost].[/]: - Initializing Spring FrameworkServlet 'dispatcherServlet'
2020-01-05 22:37:46.093 INFO  [169.254.193.144] o.s.web.servlet.DispatcherServlet: - FrameworkServlet 'dispatcherServlet': initialization started
2020-01-05 22:37:46.119 INFO  [169.254.193.144] o.s.web.servlet.DispatcherServlet: - FrameworkServlet 'dispatcherServlet': initialization completed in 26 ms
